<?xml version="1.0" encoding="UTF-8"?>
<!-- Generated by org.testng.reporters.JUnitReportReporter -->
<testsuite skipped="3" hostname="LAPTOP-TRTRPCDI" name="DataDrivenTesting.ExcelOperations" tests="10" failures="0" timestamp="27 Sep 2022 10:27:36 GMT" time="0.027" errors="1">
  <testcase name="getCellValueFromParticularRow" time="0.003" classname="DataDrivenTesting.ExcelOperations"/>
  <testcase name="createAndInsertValueInCell" time="0.016" classname="DataDrivenTesting.ExcelOperations"/>
  <testcase name="getSheetName" time="0.002" classname="DataDrivenTesting.ExcelOperations"/>
  <testcase name="getCompleteDataFromScepecificSheet" time="0.000" classname="DataDrivenTesting.ExcelOperations"/>
  <testcase name="updateCellValue" time="0.003" classname="DataDrivenTesting.ExcelOperations"/>
  <testcase name="getRowsCountFromSheet" time="0.003" classname="DataDrivenTesting.ExcelOperations"/>
  <testcase name="getFirstCellValueFromEachRow" time="0.000" classname="DataDrivenTesting.ExcelOperations">
    <error type="java.io.FileNotFoundException" message=".\AppData\TestData.xlsx (The system cannot find the path specified)">
      <![CDATA[java.io.FileNotFoundException: .\AppData\TestData.xlsx (The system cannot find the path specified)
at java.io.FileInputStream.open0(Native Method)
at java.io.FileInputStream.open(FileInputStream.java:195)
at java.io.FileInputStream.<init>(FileInputStream.java:138)
at java.io.FileInputStream.<init>(FileInputStream.java:93)
at DataDrivenTesting.ExcelOperations.getCellValue(ExcelOperations.java:161)
at DataDrivenTesting.ExcelOperations.getFirstCellValueFromEachRow(ExcelOperations.java:190)
at sun.reflect.NativeMethodAccessorImpl.invoke0(Native Method)
at sun.reflect.NativeMethodAccessorImpl.invoke(NativeMethodAccessorImpl.java:62)
at sun.reflect.DelegatingMethodAccessorImpl.invoke(DelegatingMethodAccessorImpl.java:43)
at java.lang.reflect.Method.invoke(Method.java:498)
at org.testng.internal.MethodInvocationHelper.invokeMethod(MethodInvocationHelper.java:124)
at org.testng.internal.Invoker.invokeMethod(Invoker.java:583)
at org.testng.internal.Invoker.invokeTestMethod(Invoker.java:719)
at org.testng.internal.Invoker.invokeTestMethods(Invoker.java:989)
at org.testng.internal.TestMethodWorker.invokeTestMethods(TestMethodWorker.java:125)
at org.testng.internal.TestMethodWorker.run(TestMethodWorker.java:109)
at org.testng.TestRunner.privateRun(TestRunner.java:648)
at org.testng.TestRunner.run(TestRunner.java:505)
at org.testng.SuiteRunner.runTest(SuiteRunner.java:455)
at org.testng.SuiteRunner.runSequentially(SuiteRunner.java:450)
at org.testng.SuiteRunner.privateRun(SuiteRunner.java:415)
at org.testng.SuiteRunner.run(SuiteRunner.java:364)
at org.testng.SuiteRunnerWorker.runSuite(SuiteRunnerWorker.java:52)
at org.testng.SuiteRunnerWorker.run(SuiteRunnerWorker.java:84)
at org.testng.TestNG.runSuitesSequentially(TestNG.java:1208)
at org.testng.TestNG.runSuitesLocally(TestNG.java:1137)
at org.testng.TestNG.runSuites(TestNG.java:1049)
at org.testng.TestNG.run(TestNG.java:1017)
at org.testng.remote.AbstractRemoteTestNG.run(AbstractRemoteTestNG.java:115)
at org.testng.remote.RemoteTestNG.initAndRun(RemoteTestNG.java:251)
at org.testng.remote.RemoteTestNG.main(RemoteTestNG.java:77)
]]>
    </error>
  </testcase> <!-- getFirstCellValueFromEachRow -->
  <testcase name="performRowOperations" classname="DataDrivenTesting.ExcelOperations">
    <skipped/>
  </testcase> <!-- performRowOperations -->
  <testcase name="performOperationOnSheet" classname="DataDrivenTesting.ExcelOperations">
    <skipped/>
  </testcase> <!-- performOperationOnSheet -->
  <testcase name="performOperationOnCell" classname="DataDrivenTesting.ExcelOperations">
    <skipped/>
  </testcase> <!-- performOperationOnCell -->
</testsuite> <!-- DataDrivenTesting.ExcelOperations -->
