<?xml version="1.0" encoding="UTF-8"?>
<!-- Generated by org.testng.reporters.JUnitReportReporter -->
<testsuite skipped="0" hostname="LAPTOP-TRTRPCDI" name="TestngSample.GroupExamples" tests="5" failures="0" timestamp="30 Sep 2022 08:26:07 GMT" time="0.016" errors="0">
  <testcase name="testCaseThree" time="0.001" classname="TestngSample.GroupExamples"/>
  <testcase name="testCaseFive" time="0.012" classname="TestngSample.GroupExamples"/>
  <testcase name="testCaseFour" time="0.001" classname="TestngSample.GroupExamples"/>
  <testcase name="testCaseOne" time="0.001" classname="TestngSample.GroupExamples"/>
  <testcase name="testCaseTwo" time="0.001" classname="TestngSample.GroupExamples"/>
</testsuite> <!-- TestngSample.GroupExamples -->
