<?xml version="1.0" encoding="UTF-8"?>
<!-- Generated by org.testng.reporters.JUnitReportReporter -->
<testsuite skipped="0" hostname="LAPTOP-TRTRPCDI" name="TestngSample.ClassLabelAnnotations" tests="4" failures="0" timestamp="28 Sep 2022 08:54:44 GMT" time="0.020" errors="0">
  <testcase name="TestCase1" time="0.020" classname="TestngSample.ClassLabelAnnotations"/>
  <testcase name="testCase2" time="0.000" classname="TestngSample.ClassLabelAnnotations"/>
  <testcase name="testCase3" time="0.000" classname="TestngSample.ClassLabelAnnotations"/>
  <testcase name="testCase4" time="0.000" classname="TestngSample.ClassLabelAnnotations"/>
</testsuite> <!-- TestngSample.ClassLabelAnnotations -->
