<?xml version="1.0" encoding="UTF-8"?>
<!-- Generated by org.testng.reporters.JUnitReportReporter -->
<testsuite skipped="0" hostname="LAPTOP-TRTRPCDI" name="TestngSample.Sample3" tests="3" failures="0" timestamp="19 Sep 2022 13:19:48 GMT" time="0.011" errors="0">
  <testcase name="compose" time="0.009" classname="TestngSample.Sample3"/>
  <testcase name="signup" time="0.001" classname="TestngSample.Sample3"/>
  <testcase name="login" time="0.001" classname="TestngSample.Sample3"/>
</testsuite> <!-- TestngSample.Sample3 -->
