<?xml version="1.0" encoding="UTF-8"?>
<!-- Generated by org.testng.reporters.JUnitReportReporter -->
<testsuite skipped="0" hostname="LAPTOP-TRTRPCDI" name="TestngSample.Sample1" tests="1" failures="0" timestamp="19 Sep 2022 13:00:16 GMT" time="0.008" errors="0">
  <testcase name="testcase1" time="0.008" classname="TestngSample.Sample1"/>
</testsuite> <!-- TestngSample.Sample1 -->
