<?xml version="1.0" encoding="UTF-8"?>
<!-- Generated by org.testng.reporters.JUnitReportReporter -->
<testsuite skipped="0" hostname="LAPTOP-TRTRPCDI" name="TestngSample.Annotations3" tests="2" failures="0" timestamp="28 Sep 2022 08:49:11 GMT" time="0.015" errors="0">
  <testcase name="taskCreation" time="0.000" classname="TestngSample.Annotations3"/>
  <testcase name="deleteTask" time="0.015" classname="TestngSample.Annotations3"/>
</testsuite> <!-- TestngSample.Annotations3 -->
