<?xml version="1.0" encoding="UTF-8"?>
<!-- Generated by org.testng.reporters.JUnitReportReporter -->
<testsuite skipped="0" hostname="LAPTOP-TRTRPCDI" name="TestngSample.Actitime_InvocationCount" tests="6" failures="0" timestamp="19 Sep 2022 13:44:42 GMT" time="0.021" errors="0">
  <testcase name="openBrowserAndAppURL" time="0.002" classname="TestngSample.Actitime_InvocationCount"/>
  <testcase name="createTask" time="0.013" classname="TestngSample.Actitime_InvocationCount"/>
  <testcase name="openBrowserAndAppURL" time="0.001" classname="TestngSample.Actitime_InvocationCount"/>
  <testcase name="openBrowserAndAppURL" time="0.001" classname="TestngSample.Actitime_InvocationCount"/>
  <testcase name="openBrowserAndAppURL" time="0.003" classname="TestngSample.Actitime_InvocationCount"/>
  <testcase name="openBrowserAndAppURL" time="0.001" classname="TestngSample.Actitime_InvocationCount"/>
</testsuite> <!-- TestngSample.Actitime_InvocationCount -->
