<?xml version="1.0" encoding="UTF-8"?>
<!-- Generated by org.testng.reporters.JUnitReportReporter -->
<testsuite skipped="2" hostname="LAPTOP-TRTRPCDI" name="TestngSample.Actitime_Enabled" tests="4" failures="0" timestamp="19 Sep 2022 13:35:10 GMT" time="0.009" errors="0">
  <testcase name="createTask" time="0.008" classname="TestngSample.Actitime_Enabled"/>
  <testcase name="openBrowserAndAppURL" time="0.001" classname="TestngSample.Actitime_Enabled"/>
  <testcase name="login" classname="TestngSample.Actitime_Enabled">
    <skipped/>
  </testcase> <!-- login -->
  <testcase name="logoutClose" classname="TestngSample.Actitime_Enabled">
    <skipped/>
  </testcase> <!-- logoutClose -->
</testsuite> <!-- TestngSample.Actitime_Enabled -->
