<?xml version="1.0" encoding="UTF-8"?>
<!-- Generated by org.testng.reporters.JUnitReportReporter -->
<testsuite skipped="0" hostname="LAPTOP-TRTRPCDI" name="testngexamples.ParallelExecutionOfMethods" tests="2" failures="0" timestamp="30 Sep 2022 08:56:43 GMT" time="0.012" errors="0">
  <testcase name="testCaseOne" time="0.010" classname="testngexamples.ParallelExecutionOfMethods"/>
  <testcase name="testCaseTwo" time="0.002" classname="testngexamples.ParallelExecutionOfMethods"/>
</testsuite> <!-- testngexamples.ParallelExecutionOfMethods -->
