<?xml version="1.0" encoding="UTF-8"?>
<!-- Generated by org.testng.reporters.JUnitReportReporter -->
<testsuite skipped="0" hostname="LAPTOP-TRTRPCDI" name="testngexamples.MultipleTestMethodInClass" tests="4" failures="0" timestamp="30 Sep 2022 08:38:35 GMT" time="0.014" errors="0">
  <testcase name="testCaseSignup" time="0.001" classname="testngexamples.MultipleTestMethodInClass"/>
  <testcase name="testCaseCreation" time="0.010" classname="testngexamples.MultipleTestMethodInClass"/>
  <testcase name="testCaseDeletion" time="0.002" classname="testngexamples.MultipleTestMethodInClass"/>
  <testcase name="testCaseLogin" time="0.001" classname="testngexamples.MultipleTestMethodInClass"/>
</testsuite> <!-- testngexamples.MultipleTestMethodInClass -->
