<?xml version="1.0" encoding="UTF-8"?>
<!-- Generated by org.testng.reporters.JUnitReportReporter -->
<testsuite skipped="0" hostname="LAPTOP-TRTRPCDI" name="testngexamples.TestParallelClassOne" tests="2" failures="0" timestamp="30 Sep 2022 10:13:23 GMT" time="0.018" errors="0">
  <testcase name="testCaseOne" time="0.018" classname="testngexamples.TestParallelClassOne"/>
  <testcase name="testCaseTwo" time="0.000" classname="testngexamples.TestParallelClassOne"/>
</testsuite> <!-- testngexamples.TestParallelClassOne -->
