<?xml version="1.0" encoding="UTF-8"?>
<!-- Generated by org.testng.reporters.JUnitReportReporter -->
<testsuite skipped="0" hostname="LAPTOP-TRTRPCDI" name="TestngSample.Actitime_Timeout" tests="1" failures="0" timestamp="21 Sep 2022 07:03:04 GMT" time="0.376" errors="0">
  <testcase name="openBrowserAndAppURL" time="0.376" classname="TestngSample.Actitime_Timeout"/>
</testsuite> <!-- TestngSample.Actitime_Timeout -->
