<?xml version="1.0" encoding="UTF-8"?>
<!-- Generated by org.testng.reporters.JUnitReportReporter -->
<testsuite skipped="0" hostname="LAPTOP-TRTRPCDI" name="TestngSample.Sample4" tests="3" failures="0" timestamp="19 Sep 2022 13:24:25 GMT" time="0.010" errors="0">
  <testcase name="a_signUp" time="0.008" classname="TestngSample.Sample4"/>
  <testcase name="c_compose" time="0.001" classname="TestngSample.Sample4"/>
  <testcase name="b_login" time="0.001" classname="TestngSample.Sample4"/>
</testsuite> <!-- TestngSample.Sample4 -->
