<?xml version="1.0" encoding="UTF-8"?>
<!-- Generated by org.testng.reporters.JUnitReportReporter -->
<testsuite skipped="0" hostname="LAPTOP-TRTRPCDI" name="TestngSample.Annotations2" tests="2" failures="0" timestamp="28 Sep 2022 08:35:10 GMT" time="0.000" errors="0">
  <testcase name="taskCreation" time="0.000" classname="TestngSample.Annotations2"/>
  <testcase name="deleteTask" time="0.000" classname="TestngSample.Annotations2"/>
</testsuite> <!-- TestngSample.Annotations2 -->
