<?xml version="1.0" encoding="UTF-8"?>
<!-- Generated by org.testng.reporters.JUnitReportReporter -->
<testsuite skipped="0" hostname="LAPTOP-TRTRPCDI" name="TestngSample.Sample2" tests="3" failures="0" timestamp="19 Sep 2022 13:06:56 GMT" time="0.012" errors="0">
  <testcase name="testCase2" time="0.010" classname="TestngSample.Sample2"/>
  <testcase name="testcase1" time="0.001" classname="TestngSample.Sample2"/>
  <testcase name="testCase3" time="0.001" classname="TestngSample.Sample2"/>
</testsuite> <!-- TestngSample.Sample2 -->
