<?xml version="1.0" encoding="UTF-8"?>
<!-- Generated by org.testng.reporters.JUnitReportReporter -->
<testsuite skipped="0" hostname="LAPTOP-TRTRPCDI" name="testngexamples.TestCaseDependency" tests="2" failures="0" timestamp="30 Sep 2022 10:07:49 GMT" time="3.299" errors="0">
  <testcase name="testSearch" time="3.267" classname="testngexamples.TestCaseDependency"/>
  <testcase name="testGoogleLandingPage" time="0.032" classname="testngexamples.TestCaseDependency"/>
</testsuite> <!-- testngexamples.TestCaseDependency -->
