<?xml version="1.0" encoding="UTF-8"?>
<!-- Generated by org.testng.reporters.JUnitReportReporter -->
<testsuite skipped="0" hostname="LAPTOP-TRTRPCDI" name="testngexamples.SetTestCaseOrder_Priority" tests="4" failures="0" timestamp="30 Sep 2022 09:21:27 GMT" time="0.013" errors="0">
  <testcase name="testCaseSignup" time="0.009" classname="testngexamples.SetTestCaseOrder_Priority"/>
  <testcase name="testCaseLogin" time="0.002" classname="testngexamples.SetTestCaseOrder_Priority"/>
  <testcase name="testCaseDeletion" time="0.001" classname="testngexamples.SetTestCaseOrder_Priority"/>
  <testcase name="testCaseCreation" time="0.001" classname="testngexamples.SetTestCaseOrder_Priority"/>
</testsuite> <!-- testngexamples.SetTestCaseOrder_Priority -->
