<?xml version="1.0" encoding="UTF-8"?>
<!-- Generated by org.testng.reporters.JUnitReportReporter -->
<testsuite skipped="0" hostname="LAPTOP-TRTRPCDI" name="testngexamples.TestParallelClassTwo" tests="2" failures="0" timestamp="30 Sep 2022 10:15:34 GMT" time="0.023" errors="0">
  <testcase name="testCaseFour" time="0.022" classname="testngexamples.TestParallelClassTwo"/>
  <testcase name="testCaseThree" time="0.001" classname="testngexamples.TestParallelClassTwo"/>
</testsuite> <!-- testngexamples.TestParallelClassTwo -->
