<?xml version="1.0" encoding="UTF-8"?>
<!-- Generated by org.testng.reporters.JUnitReportReporter -->
<testsuite skipped="0" hostname="LAPTOP-TRTRPCDI" name="TestngSample.Actitime_Priority" tests="4" failures="0" timestamp="19 Sep 2022 13:47:36 GMT" time="0.013" errors="0">
  <testcase name="openBrowserAndAppURL" time="0.010" classname="TestngSample.Actitime_Priority"/>
  <testcase name="login" time="0.002" classname="TestngSample.Actitime_Priority"/>
  <testcase name="createTask" time="0.001" classname="TestngSample.Actitime_Priority"/>
  <testcase name="logoutClose" time="0.000" classname="TestngSample.Actitime_Priority"/>
</testsuite> <!-- TestngSample.Actitime_Priority -->
