<?xml version="1.0" encoding="UTF-8"?>
<!-- Generated by org.testng.reporters.JUnitReportReporter -->
<testsuite skipped="1" hostname="LAPTOP-TRTRPCDI" name="testngexamples.TestCaseExecutionControl" tests="4" failures="0" timestamp="30 Sep 2022 10:10:57 GMT" time="0.032" errors="0">
  <testcase name="testCaseSignup" time="0.016" classname="testngexamples.TestCaseExecutionControl"/>
  <testcase name="testCaseLogin" time="0.000" classname="testngexamples.TestCaseExecutionControl"/>
  <testcase name="testCaseCreation" time="0.016" classname="testngexamples.TestCaseExecutionControl"/>
  <testcase name="testCaseDeletion" classname="testngexamples.TestCaseExecutionControl">
    <skipped/>
  </testcase> <!-- testCaseDeletion -->
</testsuite> <!-- testngexamples.TestCaseExecutionControl -->
