<?xml version="1.0" encoding="UTF-8"?>
<!-- Generated by org.testng.reporters.JUnitReportReporter -->
<testsuite skipped="0" hostname="LAPTOP-TRTRPCDI" name="TestngSample.AnnotationsList" tests="1" failures="0" timestamp="28 Sep 2022 08:21:53 GMT" time="0.016" errors="0">
  <testcase name="f1" time="0.016" classname="TestngSample.AnnotationsList"/>
</testsuite> <!-- TestngSample.AnnotationsList -->
