<?xml version="1.0" encoding="UTF-8"?>
<!-- Generated by org.testng.reporters.JUnitReportReporter -->
<testsuite skipped="0" hostname="LAPTOP-TRTRPCDI" name="testngexamples.IncludeAndExcludeTestMethods" tests="3" failures="0" timestamp="30 Sep 2022 08:52:38 GMT" time="0.019" errors="0">
  <testcase name="addDepartmentTestCase" time="0.016" classname="testngexamples.IncludeAndExcludeTestMethods"/>
  <testcase name="addEmployeeTestCase" time="0.002" classname="testngexamples.IncludeAndExcludeTestMethods"/>
  <testcase name="addLocationTestCase" time="0.001" classname="testngexamples.IncludeAndExcludeTestMethods"/>
</testsuite> <!-- testngexamples.IncludeAndExcludeTestMethods -->
